<?xml version="1.0" encoding="UTF-8"?>
<testsuite xmlns:xsi="http://www.w3.org/2001/XMLSchema-instance" xsi:noNamespaceSchemaLocation="https://maven.apache.org/surefire/maven-surefire-plugin/xsd/surefire-test-report.xsd" name="TestSuite" time="72.892" tests="2" errors="0" skipped="0" failures="0">
  <properties>
    <property name="sun.desktop" value="windows"/>
    <property name="awt.toolkit" value="sun.awt.windows.WToolkit"/>
    <property name="file.encoding.pkg" value="sun.io"/>
    <property name="java.specification.version" value="1.8"/>
    <property name="sun.cpu.isalist" value="amd64"/>
    <property name="sun.jnu.encoding" value="Cp1252"/>
    <property name="java.class.path" value="C:\Users\GURMEET\Desktop\TestModeller.io\6thJan2020\TestModeller-JavaSeleniumFramework-master\Framework\target\test-classes;C:\Users\GURMEET\Desktop\TestModeller.io\6thJan2020\TestModeller-JavaSeleniumFramework-master\Framework\target\classes;C:\Users\GURMEET\.m2\repository\org\seleniumhq\selenium\selenium-java\3.11.0\selenium-java-3.11.0.jar;C:\Users\GURMEET\.m2\repository\org\seleniumhq\selenium\selenium-api\3.11.0\selenium-api-3.11.0.jar;C:\Users\GURMEET\.m2\repository\org\seleniumhq\selenium\selenium-chrome-driver\3.11.0\selenium-chrome-driver-3.11.0.jar;C:\Users\GURMEET\.m2\repository\org\seleniumhq\selenium\selenium-edge-driver\3.11.0\selenium-edge-driver-3.11.0.jar;C:\Users\GURMEET\.m2\repository\org\seleniumhq\selenium\selenium-firefox-driver\3.11.0\selenium-firefox-driver-3.11.0.jar;C:\Users\GURMEET\.m2\repository\org\seleniumhq\selenium\selenium-ie-driver\3.11.0\selenium-ie-driver-3.11.0.jar;C:\Users\GURMEET\.m2\repository\org\seleniumhq\selenium\selenium-opera-driver\3.11.0\selenium-opera-driver-3.11.0.jar;C:\Users\GURMEET\.m2\repository\org\seleniumhq\selenium\selenium-remote-driver\3.11.0\selenium-remote-driver-3.11.0.jar;C:\Users\GURMEET\.m2\repository\org\seleniumhq\selenium\selenium-safari-driver\3.11.0\selenium-safari-driver-3.11.0.jar;C:\Users\GURMEET\.m2\repository\org\seleniumhq\selenium\selenium-support\3.11.0\selenium-support-3.11.0.jar;C:\Users\GURMEET\.m2\repository\net\bytebuddy\byte-buddy\1.7.9\byte-buddy-1.7.9.jar;C:\Users\GURMEET\.m2\repository\org\apache\commons\commons-exec\1.3\commons-exec-1.3.jar;C:\Users\GURMEET\.m2\repository\commons-codec\commons-codec\1.10\commons-codec-1.10.jar;C:\Users\GURMEET\.m2\repository\commons-logging\commons-logging\1.2\commons-logging-1.2.jar;C:\Users\GURMEET\.m2\repository\com\google\code\gson\gson\2.8.2\gson-2.8.2.jar;C:\Users\GURMEET\.m2\repository\com\google\guava\guava\23.6-jre\guava-23.6-jre.jar;C:\Users\GURMEET\.m2\repository\com\google\code\findbugs\jsr305\1.3.9\jsr305-1.3.9.jar;C:\Users\GURMEET\.m2\repository\org\checkerframework\checker-compat-qual\2.0.0\checker-compat-qual-2.0.0.jar;C:\Users\GURMEET\.m2\repository\com\google\errorprone\error_prone_annotations\2.1.3\error_prone_annotations-2.1.3.jar;C:\Users\GURMEET\.m2\repository\com\google\j2objc\j2objc-annotations\1.1\j2objc-annotations-1.1.jar;C:\Users\GURMEET\.m2\repository\org\codehaus\mojo\animal-sniffer-annotations\1.14\animal-sniffer-annotations-1.14.jar;C:\Users\GURMEET\.m2\repository\org\apache\httpcomponents\httpclient\4.5.3\httpclient-4.5.3.jar;C:\Users\GURMEET\.m2\repository\org\apache\httpcomponents\httpcore\4.4.6\httpcore-4.4.6.jar;C:\Users\GURMEET\.m2\repository\com\squareup\okhttp3\okhttp\3.9.1\okhttp-3.9.1.jar;C:\Users\GURMEET\.m2\repository\com\squareup\okio\okio\1.13.0\okio-1.13.0.jar;C:\Users\GURMEET\.m2\repository\com\aventstack\extentreports-testng-adapter\1.0.3\extentreports-testng-adapter-1.0.3.jar;C:\Users\GURMEET\.m2\repository\org\mongodb\mongodb-driver\3.3.0\mongodb-driver-3.3.0.jar;C:\Users\GURMEET\.m2\repository\org\mongodb\mongodb-driver-core\3.3.0\mongodb-driver-core-3.3.0.jar;C:\Users\GURMEET\.m2\repository\com\aventstack\extentreports\4.0.9\extentreports-4.0.9.jar;C:\Users\GURMEET\.m2\repository\org\freemarker\freemarker\2.3.23\freemarker-2.3.23.jar;C:\Users\GURMEET\.m2\repository\org\mongodb\bson\3.3.0\bson-3.3.0.jar;C:\Users\GURMEET\.m2\repository\org\apache\httpcomponents\httpmime\4.5.2\httpmime-4.5.2.jar;C:\Users\GURMEET\.m2\repository\org\assertj\assertj-core\3.18.1\assertj-core-3.18.1.jar;C:\Users\GURMEET\.m2\repository\ie\curiositysoftware\testmodeller\2.0.17\testmodeller-2.0.17.jar;C:\Users\GURMEET\.m2\repository\com\mashape\unirest\unirest-java\1.4.9\unirest-java-1.4.9.jar;C:\Users\GURMEET\.m2\repository\org\apache\httpcomponents\httpasyncclient\4.1.1\httpasyncclient-4.1.1.jar;C:\Users\GURMEET\.m2\repository\org\apache\httpcomponents\httpcore-nio\4.4.4\httpcore-nio-4.4.4.jar;C:\Users\GURMEET\.m2\repository\org\json\json\20160212\json-20160212.jar;C:\Users\GURMEET\.m2\repository\commons-io\commons-io\2.6\commons-io-2.6.jar;C:\Users\GURMEET\.m2\repository\com\fasterxml\jackson\core\jackson-databind\2.9.10.4\jackson-databind-2.9.10.4.jar;C:\Users\GURMEET\.m2\repository\com\fasterxml\jackson\core\jackson-annotations\2.9.10\jackson-annotations-2.9.10.jar;C:\Users\GURMEET\.m2\repository\com\fasterxml\jackson\core\jackson-core\2.9.10\jackson-core-2.9.10.jar;C:\Users\GURMEET\.m2\repository\net\lingala\zip4j\zip4j\2.2.4\zip4j-2.2.4.jar;C:\Users\GURMEET\.m2\repository\org\jooq\joor-java-8\0.9.12\joor-java-8-0.9.12.jar;C:\Users\GURMEET\.m2\repository\org\testng\testng\7.3.0\testng-7.3.0.jar;C:\Users\GURMEET\.m2\repository\com\beust\jcommander\1.78\jcommander-1.78.jar;C:\Users\GURMEET\.m2\repository\org\apache\ant\ant\1.10.3\ant-1.10.3.jar;C:\Users\GURMEET\.m2\repository\org\apache\ant\ant-launcher\1.10.3\ant-launcher-1.10.3.jar;C:\Users\GURMEET\.m2\repository\junit\junit\4.12\junit-4.12.jar;C:\Users\GURMEET\.m2\repository\org\hamcrest\hamcrest-core\1.3\hamcrest-core-1.3.jar;C:\Users\GURMEET\.m2\repository\com\google\inject\guice\4.2.2\guice-4.2.2-no_aop.jar;C:\Users\GURMEET\.m2\repository\javax\inject\javax.inject\1\javax.inject-1.jar;C:\Users\GURMEET\.m2\repository\aopalliance\aopalliance\1.0\aopalliance-1.0.jar;C:\Users\GURMEET\.m2\repository\org\yaml\snakeyaml\1.21\snakeyaml-1.21.jar;C:\Users\GURMEET\.m2\repository\org\apache\poi\poi-ooxml\3.15\poi-ooxml-3.15.jar;C:\Users\GURMEET\.m2\repository\org\apache\poi\poi\3.15\poi-3.15.jar;C:\Users\GURMEET\.m2\repository\org\apache\commons\commons-collections4\4.1\commons-collections4-4.1.jar;C:\Users\GURMEET\.m2\repository\org\apache\poi\poi-ooxml-schemas\3.15\poi-ooxml-schemas-3.15.jar;C:\Users\GURMEET\.m2\repository\org\apache\xmlbeans\xmlbeans\2.6.0\xmlbeans-2.6.0.jar;C:\Users\GURMEET\.m2\repository\stax\stax-api\1.0.1\stax-api-1.0.1.jar;C:\Users\GURMEET\.m2\repository\com\github\virtuald\curvesapi\1.04\curvesapi-1.04.jar;C:\Users\GURMEET\.m2\repository\org\apache\maven\surefire\surefire-testng-utils\2.21.0\surefire-testng-utils-2.21.0.jar;C:\Users\GURMEET\.m2\repository\org\apache\maven\surefire\surefire-grouper\2.21.0\surefire-grouper-2.21.0.jar;"/>
    <property name="java.vm.vendor" value="Oracle Corporation"/>
    <property name="sun.arch.data.model" value="64"/>
    <property name="user.variant" value=""/>
    <property name="java.vendor.url" value="http://java.oracle.com/"/>
    <property name="user.timezone" value=""/>
    <property name="java.vm.specification.version" value="1.8"/>
    <property name="os.name" value="Windows 10"/>
    <property name="user.country" value="US"/>
    <property name="sun.java.launcher" value="SUN_STANDARD"/>
    <property name="sun.boot.library.path" value="C:\Program Files\Java\jdk1.8.0_111\jre\bin"/>
    <property name="sun.java.command" value="C:\Users\GURMEET\AppData\Local\Temp\surefire703581150352286951\surefirebooter8528546110328849195.jar C:\Users\GURMEET\AppData\Local\Temp\surefire703581150352286951 2021-01-14T11-25-36_161-jvmRun1 surefire3253080768607510054tmp surefire_08835273399957234004tmp"/>
    <property name="surefire.test.class.path" value="C:\Users\GURMEET\Desktop\TestModeller.io\6thJan2020\TestModeller-JavaSeleniumFramework-master\Framework\target\test-classes;C:\Users\GURMEET\Desktop\TestModeller.io\6thJan2020\TestModeller-JavaSeleniumFramework-master\Framework\target\classes;C:\Users\GURMEET\.m2\repository\org\seleniumhq\selenium\selenium-java\3.11.0\selenium-java-3.11.0.jar;C:\Users\GURMEET\.m2\repository\org\seleniumhq\selenium\selenium-api\3.11.0\selenium-api-3.11.0.jar;C:\Users\GURMEET\.m2\repository\org\seleniumhq\selenium\selenium-chrome-driver\3.11.0\selenium-chrome-driver-3.11.0.jar;C:\Users\GURMEET\.m2\repository\org\seleniumhq\selenium\selenium-edge-driver\3.11.0\selenium-edge-driver-3.11.0.jar;C:\Users\GURMEET\.m2\repository\org\seleniumhq\selenium\selenium-firefox-driver\3.11.0\selenium-firefox-driver-3.11.0.jar;C:\Users\GURMEET\.m2\repository\org\seleniumhq\selenium\selenium-ie-driver\3.11.0\selenium-ie-driver-3.11.0.jar;C:\Users\GURMEET\.m2\repository\org\seleniumhq\selenium\selenium-opera-driver\3.11.0\selenium-opera-driver-3.11.0.jar;C:\Users\GURMEET\.m2\repository\org\seleniumhq\selenium\selenium-remote-driver\3.11.0\selenium-remote-driver-3.11.0.jar;C:\Users\GURMEET\.m2\repository\org\seleniumhq\selenium\selenium-safari-driver\3.11.0\selenium-safari-driver-3.11.0.jar;C:\Users\GURMEET\.m2\repository\org\seleniumhq\selenium\selenium-support\3.11.0\selenium-support-3.11.0.jar;C:\Users\GURMEET\.m2\repository\net\bytebuddy\byte-buddy\1.7.9\byte-buddy-1.7.9.jar;C:\Users\GURMEET\.m2\repository\org\apache\commons\commons-exec\1.3\commons-exec-1.3.jar;C:\Users\GURMEET\.m2\repository\commons-codec\commons-codec\1.10\commons-codec-1.10.jar;C:\Users\GURMEET\.m2\repository\commons-logging\commons-logging\1.2\commons-logging-1.2.jar;C:\Users\GURMEET\.m2\repository\com\google\code\gson\gson\2.8.2\gson-2.8.2.jar;C:\Users\GURMEET\.m2\repository\com\google\guava\guava\23.6-jre\guava-23.6-jre.jar;C:\Users\GURMEET\.m2\repository\com\google\code\findbugs\jsr305\1.3.9\jsr305-1.3.9.jar;C:\Users\GURMEET\.m2\repository\org\checkerframework\checker-compat-qual\2.0.0\checker-compat-qual-2.0.0.jar;C:\Users\GURMEET\.m2\repository\com\google\errorprone\error_prone_annotations\2.1.3\error_prone_annotations-2.1.3.jar;C:\Users\GURMEET\.m2\repository\com\google\j2objc\j2objc-annotations\1.1\j2objc-annotations-1.1.jar;C:\Users\GURMEET\.m2\repository\org\codehaus\mojo\animal-sniffer-annotations\1.14\animal-sniffer-annotations-1.14.jar;C:\Users\GURMEET\.m2\repository\org\apache\httpcomponents\httpclient\4.5.3\httpclient-4.5.3.jar;C:\Users\GURMEET\.m2\repository\org\apache\httpcomponents\httpcore\4.4.6\httpcore-4.4.6.jar;C:\Users\GURMEET\.m2\repository\com\squareup\okhttp3\okhttp\3.9.1\okhttp-3.9.1.jar;C:\Users\GURMEET\.m2\repository\com\squareup\okio\okio\1.13.0\okio-1.13.0.jar;C:\Users\GURMEET\.m2\repository\com\aventstack\extentreports-testng-adapter\1.0.3\extentreports-testng-adapter-1.0.3.jar;C:\Users\GURMEET\.m2\repository\org\mongodb\mongodb-driver\3.3.0\mongodb-driver-3.3.0.jar;C:\Users\GURMEET\.m2\repository\org\mongodb\mongodb-driver-core\3.3.0\mongodb-driver-core-3.3.0.jar;C:\Users\GURMEET\.m2\repository\com\aventstack\extentreports\4.0.9\extentreports-4.0.9.jar;C:\Users\GURMEET\.m2\repository\org\freemarker\freemarker\2.3.23\freemarker-2.3.23.jar;C:\Users\GURMEET\.m2\repository\org\mongodb\bson\3.3.0\bson-3.3.0.jar;C:\Users\GURMEET\.m2\repository\org\apache\httpcomponents\httpmime\4.5.2\httpmime-4.5.2.jar;C:\Users\GURMEET\.m2\repository\org\assertj\assertj-core\3.18.1\assertj-core-3.18.1.jar;C:\Users\GURMEET\.m2\repository\ie\curiositysoftware\testmodeller\2.0.17\testmodeller-2.0.17.jar;C:\Users\GURMEET\.m2\repository\com\mashape\unirest\unirest-java\1.4.9\unirest-java-1.4.9.jar;C:\Users\GURMEET\.m2\repository\org\apache\httpcomponents\httpasyncclient\4.1.1\httpasyncclient-4.1.1.jar;C:\Users\GURMEET\.m2\repository\org\apache\httpcomponents\httpcore-nio\4.4.4\httpcore-nio-4.4.4.jar;C:\Users\GURMEET\.m2\repository\org\json\json\20160212\json-20160212.jar;C:\Users\GURMEET\.m2\repository\commons-io\commons-io\2.6\commons-io-2.6.jar;C:\Users\GURMEET\.m2\repository\com\fasterxml\jackson\core\jackson-databind\2.9.10.4\jackson-databind-2.9.10.4.jar;C:\Users\GURMEET\.m2\repository\com\fasterxml\jackson\core\jackson-annotations\2.9.10\jackson-annotations-2.9.10.jar;C:\Users\GURMEET\.m2\repository\com\fasterxml\jackson\core\jackson-core\2.9.10\jackson-core-2.9.10.jar;C:\Users\GURMEET\.m2\repository\net\lingala\zip4j\zip4j\2.2.4\zip4j-2.2.4.jar;C:\Users\GURMEET\.m2\repository\org\jooq\joor-java-8\0.9.12\joor-java-8-0.9.12.jar;C:\Users\GURMEET\.m2\repository\org\testng\testng\7.3.0\testng-7.3.0.jar;C:\Users\GURMEET\.m2\repository\com\beust\jcommander\1.78\jcommander-1.78.jar;C:\Users\GURMEET\.m2\repository\org\apache\ant\ant\1.10.3\ant-1.10.3.jar;C:\Users\GURMEET\.m2\repository\org\apache\ant\ant-launcher\1.10.3\ant-launcher-1.10.3.jar;C:\Users\GURMEET\.m2\repository\junit\junit\4.12\junit-4.12.jar;C:\Users\GURMEET\.m2\repository\org\hamcrest\hamcrest-core\1.3\hamcrest-core-1.3.jar;C:\Users\GURMEET\.m2\repository\com\google\inject\guice\4.2.2\guice-4.2.2-no_aop.jar;C:\Users\GURMEET\.m2\repository\javax\inject\javax.inject\1\javax.inject-1.jar;C:\Users\GURMEET\.m2\repository\aopalliance\aopalliance\1.0\aopalliance-1.0.jar;C:\Users\GURMEET\.m2\repository\org\yaml\snakeyaml\1.21\snakeyaml-1.21.jar;C:\Users\GURMEET\.m2\repository\org\apache\poi\poi-ooxml\3.15\poi-ooxml-3.15.jar;C:\Users\GURMEET\.m2\repository\org\apache\poi\poi\3.15\poi-3.15.jar;C:\Users\GURMEET\.m2\repository\org\apache\commons\commons-collections4\4.1\commons-collections4-4.1.jar;C:\Users\GURMEET\.m2\repository\org\apache\poi\poi-ooxml-schemas\3.15\poi-ooxml-schemas-3.15.jar;C:\Users\GURMEET\.m2\repository\org\apache\xmlbeans\xmlbeans\2.6.0\xmlbeans-2.6.0.jar;C:\Users\GURMEET\.m2\repository\stax\stax-api\1.0.1\stax-api-1.0.1.jar;C:\Users\GURMEET\.m2\repository\com\github\virtuald\curvesapi\1.04\curvesapi-1.04.jar;C:\Users\GURMEET\.m2\repository\org\apache\maven\surefire\surefire-testng-utils\2.21.0\surefire-testng-utils-2.21.0.jar;C:\Users\GURMEET\.m2\repository\org\apache\maven\surefire\surefire-grouper\2.21.0\surefire-grouper-2.21.0.jar;"/>
    <property name="sun.cpu.endian" value="little"/>
    <property name="user.home" value="C:\Users\GURMEET"/>
    <property name="user.language" value="en"/>
    <property name="java.specification.vendor" value="Oracle Corporation"/>
    <property name="java.home" value="C:\Program Files\Java\jdk1.8.0_111\jre"/>
    <property name="basedir" value="C:\Users\GURMEET\Desktop\TestModeller.io\6thJan2020\TestModeller-JavaSeleniumFramework-master\Framework"/>
    <property name="file.separator" value="\"/>
    <property name="line.separator" value="&#10;"/>
    <property name="java.vm.specification.vendor" value="Oracle Corporation"/>
    <property name="java.specification.name" value="Java Platform API Specification"/>
    <property name="java.awt.graphicsenv" value="sun.awt.Win32GraphicsEnvironment"/>
    <property name="surefire.real.class.path" value="C:\Users\GURMEET\AppData\Local\Temp\surefire703581150352286951\surefirebooter8528546110328849195.jar"/>
    <property name="sun.boot.class.path" value="C:\Program Files\Java\jdk1.8.0_111\jre\lib\resources.jar;C:\Program Files\Java\jdk1.8.0_111\jre\lib\rt.jar;C:\Program Files\Java\jdk1.8.0_111\jre\lib\sunrsasign.jar;C:\Program Files\Java\jdk1.8.0_111\jre\lib\jsse.jar;C:\Program Files\Java\jdk1.8.0_111\jre\lib\jce.jar;C:\Program Files\Java\jdk1.8.0_111\jre\lib\charsets.jar;C:\Program Files\Java\jdk1.8.0_111\jre\lib\jfr.jar;C:\Program Files\Java\jdk1.8.0_111\jre\classes"/>
    <property name="user.script" value=""/>
    <property name="sun.management.compiler" value="HotSpot 64-Bit Tiered Compilers"/>
    <property name="java.runtime.version" value="1.8.0_111-b14"/>
    <property name="java.net.preferIPv4Stack" value="true"/>
    <property name="user.name" value="GURMEET"/>
    <property name="path.separator" value=";"/>
    <property name="os.version" value="10.0"/>
    <property name="java.endorsed.dirs" value="C:\Program Files\Java\jdk1.8.0_111\jre\lib\endorsed"/>
    <property name="java.runtime.name" value="Java(TM) SE Runtime Environment"/>
    <property name="file.encoding" value="Cp1252"/>
    <property name="java.vm.name" value="Java HotSpot(TM) 64-Bit Server VM"/>
    <property name="localRepository" value="C:\Users\GURMEET\.m2\repository"/>
    <property name="java.vendor.url.bug" value="http://bugreport.sun.com/bugreport/"/>
    <property name="java.io.tmpdir" value="C:\Users\GURMEET\AppData\Local\Temp\"/>
    <property name="java.version" value="1.8.0_111"/>
    <property name="user.dir" value="C:\Users\GURMEET\Desktop\TestModeller.io\6thJan2020\TestModeller-JavaSeleniumFramework-master\Framework"/>
    <property name="os.arch" value="amd64"/>
    <property name="java.vm.specification.name" value="Java Virtual Machine Specification"/>
    <property name="java.awt.printerjob" value="sun.awt.windows.WPrinterJob"/>
    <property name="sun.os.patch.level" value=""/>
    <property name="java.library.path" value="C:\Program Files\Java\jdk1.8.0_111\jre\bin;C:\WINDOWS\Sun\Java\bin;C:\WINDOWS\system32;C:\WINDOWS;C:/Program Files/Java/jdk1.8.0_111/bin/../jre/bin/server;C:/Program Files/Java/jdk1.8.0_111/bin/../jre/bin;C:/Program Files/Java/jdk1.8.0_111/bin/../jre/lib/amd64;C:\Program Files (x86)\Intel\iCLS Client\;C:\tibco\tibrv\8.1\bin;C:\app\gsingh\product\12.1.0\dbhome_1\bin;C:\Program Files\Intel\iCLS Client\;C:\windows\system32;C:\windows;C:\windows\System32\Wbem;C:\windows\System32\WindowsPowerShell\v1.0\;C:\Program Files (x86)\NVIDIA Corporation\PhysX\Common;C:\WINDOWS\system32;C:\WINDOWS;C:\WINDOWS\System32\Wbem;C:\WINDOWS\System32\WindowsPowerShell\v1.0\;C:\Program Files\MySQL\MySQL Server 5.5\bin;C:\Program Files (x86)\Intel\Intel(R) Management Engine Components\DAL;C:\Program Files\Intel\Intel(R) Management Engine Components\DAL;C:\Program Files (x86)\Intel\Intel(R) Management Engine Components\IPT;C:\Program Files\Intel\Intel(R) Management Engine Components\IPT;E:\Software&apos;s\SnonarQube\SonarQube-5.4.1\sonar-scanner-2.6.1\bin;C:\Program Files\Git\cmd;C:\WINDOWS\System32\OpenSSH\;C:\Program Files (x86)\DevDesktop\tools;C:\Users\GURMEET\AppData\Roaming\Microsoft\Windows\Start Menu\Programs\Python 3.6;C:\Users\GURMEET\AppData\Local\Programs\Python\Python36-32;C:\Program Files\Intel\WiFi\bin\;C:\Program Files\Common Files\Intel\WirelessCommon\;C:\Program Files\PuTTY\;C:\Program Files\apache-maven-3.6.3\bin;C:\Program Files\allure-2.13.0\bin;F:\Software&apos;s\Webdriver;C:\Program Files (x86)\GnuWin32\bin;C:\Users\GURMEET\AppData\Local\Programs\Python\Python36-32\DLLs;C:\Users\GURMEET\Anaconda3\DLLs;F:\phantomjs-2.1.1-windows\bin;C:\Users\GURMEET\AppData\Local\Programs\Python\Python36-32\Scripts;C:\Users\GURMEET\Anaconda3;C:\Users\GURMEET\Anaconda3\Library\mingw-w64\bin;C:\Users\GURMEET\Anaconda3\Library\usr\bin;C:\Users\GURMEET\Anaconda3\Library\bin;C:\Users\GURMEET\Anaconda3\Scripts;C:\Program Files\Java\jdk1.8.0_111\bin;C:\Users\GURMEET\AppData\Local\Microsoft\WindowsApps;C:\Program Files\MySQL\MySQL Server 5.5\bin;E:\Software&apos;s\SnonarQube\SonarQube-LTS\sonarqube-6.7.2\bin;C:\Users\GURMEET\AppData\Local\atom\bin;C:\Program Files\JetBrains\IntelliJ IDEA Community Edition 2020.3\bin;;C:\Program Files\JetBrains\PyCharm Community Edition 2020.3.2\bin;;C:\Users\GURMEET\Desktop;;."/>
    <property name="java.vm.info" value="mixed mode"/>
    <property name="java.vendor" value="Oracle Corporation"/>
    <property name="java.vm.version" value="25.111-b14"/>
    <property name="java.ext.dirs" value="C:\Program Files\Java\jdk1.8.0_111\jre\lib\ext;C:\WINDOWS\Sun\Java\lib\ext"/>
    <property name="sun.io.unicode.encoding" value="UnicodeLittle"/>
    <property name="java.class.version" value="52.0"/>
  </properties>
  <testcase name="GoToUrlPositiveEnterEmailNegativeEnterPassword2" classname="tests.FullScenario_DefaultProfile" time="12.667"/>
  <testcase name="GoToUrlPositiveEnterEmailPositiveEnterPasswordClickLoginGoToUrlClickSamsungSeries9NP900X4CPrem1" classname="tests.FullScenario_DefaultProfile" time="39.941"/>
</testsuite>