<?xml version="1.0" encoding="UTF-8"?>
<!-- Generated by org.testng.reporters.JUnitReportReporter -->
<testsuite skipped="0" hostname="DESKTOP-5JE41TC" name="tests.FullScenario_DefaultProfile" tests="2" failures="0" timestamp="2021-01-14T12:09:18 IST" time="44.602" errors="0">
  <testcase name="GoToUrlPositiveEnterEmailNegativeEnterPassword2" time="11.154" classname="tests.FullScenario_DefaultProfile"/>
  <system-out/>
  <testcase name="GoToUrlPositiveEnterEmailPositiveEnterPasswordClickLoginGoToUrlClickSamsungSeries9NP900X4CPrem1" time="33.448" classname="tests.FullScenario_DefaultProfile"/>
  <system-out/>
</testsuite> <!-- tests.FullScenario_DefaultProfile -->
